2025-07-28 20:53:17,288 - INFO - LSTM Training Pipeline initialized successfully
2025-07-28 20:53:17,289 - INFO - Project directory: /work3/s184484/iRBD-detection
2025-07-28 20:53:17,289 - INFO - Device: cpu
2025-07-28 20:53:17,289 - INFO - Model architecture: 2-layer bidirectional LSTM with attention
2025-07-28 20:53:17,289 - INFO - ================================================================================
2025-07-28 20:53:17,290 - INFO - STARTING LSTM TRAINING PIPELINE FOR iRBD DETECTION
2025-07-28 20:53:17,290 - INFO - ================================================================================
2025-07-28 20:53:17,290 - INFO - Loading participant data...
2025-07-28 20:53:17,294 - INFO - Found 10 control participant files
2025-07-28 20:53:19,928 - INFO - Found 10 iRBD participant files
2025-07-28 20:53:20,213 - INFO - Loaded iRBD AXRBD004: (31, 2880, 1024)
2025-07-28 20:53:20,496 - INFO - Loaded iRBD AXRBD021: (30, 2880, 1024)
2025-07-28 20:53:20,813 - INFO - Loaded iRBD AXRBD095: (34, 2880, 1024)
2025-07-28 20:53:21,092 - INFO - Loaded iRBD AXRBD020: (30, 2880, 1024)
2025-07-28 20:53:21,417 - INFO - Loaded iRBD AXRBD071: (33, 2880, 1024)
2025-07-28 20:53:21,922 - INFO - Loaded iRBD AXRBD007: (37, 2880, 1024)
2025-07-28 20:53:22,474 - INFO - Loaded iRBD AXRBD032: (40, 2880, 1024)
2025-07-28 20:53:22,954 - INFO - Loaded iRBD AXRBD030: (34, 2880, 1024)
2025-07-28 20:53:23,452 - INFO - Loaded iRBD AXRBD013: (36, 2880, 1024)
2025-07-28 20:53:23,457 - ERROR - Error loading iRBD file /work3/s184484/iRBD-detection/data/features/irbd/AXRBD059_features.npy: 
2025-07-28 20:53:23,457 - INFO - Successfully loaded 19 participants:
2025-07-28 20:53:23,457 - INFO -   - Controls: 10
2025-07-28 20:53:23,458 - INFO -   - iRBD: 9
2025-07-28 20:53:23,458 - INFO - Starting 5-fold cross-validation...
2025-07-28 20:53:23,459 - INFO - 
============================================================
2025-07-28 20:53:23,460 - INFO - CROSS-VALIDATION FOLD 1/5
2025-07-28 20:53:23,460 - INFO - ============================================================
2025-07-28 20:53:23,461 - INFO - Fold 1 participants:
2025-07-28 20:53:23,462 - INFO -   Train: 12 participants
2025-07-28 20:53:23,462 - INFO -   Validation: 3 participants
2025-07-28 20:53:23,462 - INFO -   Test: 4 participants
2025-07-28 20:53:23,464 - INFO - Starting model training (Fold 1)...
2025-07-28 20:53:23,464 - INFO - Initial memory usage: 11913.23 MB
2025-07-28 20:53:23,478 - INFO - Class weights: Control=0.950, iRBD=1.056
