2025-07-28 08:28:28,979 - INFO - LSTM Training Pipeline initialized successfully
2025-07-28 08:28:28,980 - INFO - Project directory: /work3/s184484/iRBD-detection
2025-07-28 08:28:28,980 - INFO - Device: cpu
2025-07-28 08:28:28,980 - INFO - Model architecture: 2-layer bidirectional LSTM with attention
2025-07-28 08:28:28,981 - INFO - ================================================================================
2025-07-28 08:28:28,981 - INFO - STARTING LSTM TRAINING PIPELINE FOR iRBD DETECTION
2025-07-28 08:28:28,981 - INFO - ================================================================================
2025-07-28 08:28:28,981 - INFO - Loading participant data...
2025-07-28 08:28:28,984 - INFO - Found 5 control participant files
2025-07-28 08:28:29,570 - INFO - Found 5 iRBD participant files
2025-07-28 08:28:29,828 - INFO - Loaded iRBD AXRBD004: (31, 2880, 1024)
2025-07-28 08:28:30,062 - INFO - Loaded iRBD AXRBD021: (30, 2880, 1024)
2025-07-28 08:28:30,351 - INFO - Loaded iRBD AXRBD095: (34, 2880, 1024)
2025-07-28 08:28:30,585 - INFO - Loaded iRBD AXRBD020: (30, 2880, 1024)
2025-07-28 08:28:30,841 - INFO - Loaded iRBD AXRBD071: (33, 2880, 1024)
2025-07-28 08:28:30,841 - INFO - Successfully loaded 10 participants:
2025-07-28 08:28:30,842 - INFO -   - Controls: 5
2025-07-28 08:28:30,842 - INFO -   - iRBD: 5
2025-07-28 08:28:30,842 - INFO - Starting 5-fold cross-validation...
2025-07-28 08:28:30,844 - INFO - 
============================================================
2025-07-28 08:28:30,844 - INFO - CROSS-VALIDATION FOLD 1/5
2025-07-28 08:28:30,845 - INFO - ============================================================
2025-07-28 08:28:30,846 - INFO - Fold 1 participants:
2025-07-28 08:28:30,846 - INFO -   Train: 6 participants
2025-07-28 08:28:30,847 - INFO -   Validation: 2 participants
2025-07-28 08:28:30,847 - INFO -   Test: 2 participants
2025-07-28 08:28:30,848 - INFO - Starting model training (Fold 1)...
2025-07-28 08:28:30,862 - INFO - Class weights: Control=1.000, iRBD=1.000
2025-07-28 08:28:33,419 - ERROR - Error in train_model: name 'night_padding' is not defined
2025-07-28 08:28:33,429 - ERROR - Training failed for fold 1
2025-07-28 08:28:33,430 - INFO - 
============================================================
2025-07-28 08:28:33,430 - INFO - CROSS-VALIDATION FOLD 2/5
2025-07-28 08:28:33,430 - INFO - ============================================================
2025-07-28 08:28:33,432 - INFO - Fold 2 participants:
2025-07-28 08:28:33,432 - INFO -   Train: 6 participants
2025-07-28 08:28:33,432 - INFO -   Validation: 2 participants
2025-07-28 08:28:33,433 - INFO -   Test: 2 participants
2025-07-28 08:28:33,433 - INFO - Starting model training (Fold 2)...
2025-07-28 08:28:33,446 - INFO - Class weights: Control=1.000, iRBD=1.000
2025-07-28 08:28:34,164 - ERROR - Error in train_model: name 'night_padding' is not defined
2025-07-28 08:28:34,174 - ERROR - Training failed for fold 2
2025-07-28 08:28:34,174 - INFO - 
============================================================
2025-07-28 08:28:34,175 - INFO - CROSS-VALIDATION FOLD 3/5
2025-07-28 08:28:34,175 - INFO - ============================================================
2025-07-28 08:28:34,177 - INFO - Fold 3 participants:
2025-07-28 08:28:34,177 - INFO -   Train: 6 participants
2025-07-28 08:28:34,178 - INFO -   Validation: 2 participants
2025-07-28 08:28:34,178 - INFO -   Test: 2 participants
2025-07-28 08:28:34,179 - INFO - Starting model training (Fold 3)...
2025-07-28 08:28:34,191 - INFO - Class weights: Control=1.000, iRBD=1.000
2025-07-28 08:28:34,942 - ERROR - Error in train_model: name 'night_padding' is not defined
2025-07-28 08:28:34,953 - ERROR - Training failed for fold 3
2025-07-28 08:28:34,953 - INFO - 
============================================================
2025-07-28 08:28:34,954 - INFO - CROSS-VALIDATION FOLD 4/5
2025-07-28 08:28:34,954 - INFO - ============================================================
2025-07-28 08:28:34,955 - INFO - Fold 4 participants:
2025-07-28 08:28:34,956 - INFO -   Train: 6 participants
2025-07-28 08:28:34,956 - INFO -   Validation: 2 participants
2025-07-28 08:28:34,956 - INFO -   Test: 2 participants
2025-07-28 08:28:34,957 - INFO - Starting model training (Fold 4)...
2025-07-28 08:28:34,968 - INFO - Class weights: Control=1.000, iRBD=1.000
2025-07-28 08:28:35,795 - ERROR - Error in train_model: name 'night_padding' is not defined
2025-07-28 08:28:35,805 - ERROR - Training failed for fold 4
2025-07-28 08:28:35,805 - INFO - 
============================================================
2025-07-28 08:28:35,805 - INFO - CROSS-VALIDATION FOLD 5/5
2025-07-28 08:28:35,806 - INFO - ============================================================
2025-07-28 08:28:35,807 - INFO - Fold 5 participants:
2025-07-28 08:28:35,807 - INFO -   Train: 6 participants
2025-07-28 08:28:35,808 - INFO -   Validation: 2 participants
2025-07-28 08:28:35,808 - INFO -   Test: 2 participants
2025-07-28 08:28:35,809 - INFO - Starting model training (Fold 5)...
2025-07-28 08:28:35,820 - INFO - Class weights: Control=1.000, iRBD=1.000
2025-07-28 08:28:36,482 - ERROR - Error in train_model: name 'night_padding' is not defined
2025-07-28 08:28:36,491 - ERROR - Training failed for fold 5
2025-07-28 08:28:36,491 - ERROR - Cross-validation failed
