ERROR: Unable to locate a modulefile for 'miniconda3/4.12.0'
2026-01-28 04:54:20,294 - INFO - Initialized ML Baselines Night-Level (version=v1)
2026-01-28 04:54:20,294 - INFO - Initialized ML Baselines Night-Level (version=v1)
2026-01-28 04:54:20,294 - INFO - Features directory: /work3/s184484/iRBD-detection/data/features_v1
2026-01-28 04:54:20,294 - INFO - Features directory: /work3/s184484/iRBD-detection/data/features_v1
2026-01-28 04:54:20,295 - INFO - Results directory: /work3/s184484/iRBD-detection/results/ml_baselines_v1
2026-01-28 04:54:20,295 - INFO - Results directory: /work3/s184484/iRBD-detection/results/ml_baselines_v1
2026-01-28 04:54:20,296 - INFO - Log file: /work3/s184484/iRBD-detection/results/ml_baselines_v1/training.log
2026-01-28 04:54:20,296 - INFO - Log file: /work3/s184484/iRBD-detection/results/ml_baselines_v1/training.log
2026-01-28 04:54:20,296 - INFO - ======================================================================
2026-01-28 04:54:20,296 - INFO - ======================================================================
2026-01-28 04:54:20,297 - INFO - STARTING NIGHT-LEVEL CLASSIFICATION
2026-01-28 04:54:20,297 - INFO - STARTING NIGHT-LEVEL CLASSIFICATION
2026-01-28 04:54:20,297 - INFO - ======================================================================
2026-01-28 04:54:20,297 - INFO - ======================================================================
2026-01-28 04:54:20,298 - INFO - Preparing night-level dataset...
2026-01-28 04:54:20,298 - INFO - Preparing night-level dataset...
2026-01-28 04:54:20,300 - INFO - Found 42 control participants
2026-01-28 04:54:20,300 - INFO - Found 42 control participants
2026-01-28 04:55:04,773 - INFO - Found 42 iRBD participants
2026-01-28 04:55:04,773 - INFO - Found 42 iRBD participants
2026-01-28 04:56:15,642 - INFO - Night-level dataset prepared:
2026-01-28 04:56:15,642 - INFO - Night-level dataset prepared:
2026-01-28 04:56:15,643 - INFO -   Total nights: 1960
2026-01-28 04:56:15,643 - INFO -   Total nights: 1960
2026-01-28 04:56:15,644 - INFO -   Control nights: 785
2026-01-28 04:56:15,644 - INFO -   Control nights: 785
2026-01-28 04:56:15,645 - INFO -   iRBD nights: 1175
2026-01-28 04:56:15,645 - INFO -   iRBD nights: 1175
2026-01-28 04:56:15,646 - INFO -   Unique participants: 84
2026-01-28 04:56:15,646 - INFO -   Unique participants: 84
2026-01-28 04:56:15,646 - INFO -   Feature dimension: 1024
2026-01-28 04:56:15,646 - INFO -   Feature dimension: 1024
2026-01-28 04:56:15,696 - INFO - XGBoost available
2026-01-28 04:56:15,696 - INFO - XGBoost available
2026-01-28 04:56:15,696 - INFO - 
======================================================================
2026-01-28 04:56:15,696 - INFO - 
======================================================================
2026-01-28 04:56:15,697 - INFO - Training Random Forest
2026-01-28 04:56:15,697 - INFO - Training Random Forest
2026-01-28 04:56:15,697 - INFO - ======================================================================
2026-01-28 04:56:15,697 - INFO - ======================================================================
2026-01-28 04:56:15,699 - INFO - 
Fold 1/5
2026-01-28 04:56:15,699 - INFO - 
Fold 1/5
2026-01-28 04:56:16,479 - INFO -   Night-level metrics:
2026-01-28 04:56:16,479 - INFO -   Night-level metrics:
2026-01-28 04:56:16,480 - INFO -     Accuracy: 0.8832
2026-01-28 04:56:16,480 - INFO -     Accuracy: 0.8832
2026-01-28 04:56:16,481 - INFO -     ROC-AUC: 0.9564
2026-01-28 04:56:16,481 - INFO -     ROC-AUC: 0.9564
2026-01-28 04:56:16,482 - INFO -   Participant-level metrics:
2026-01-28 04:56:16,482 - INFO -   Participant-level metrics:
2026-01-28 04:56:16,482 - INFO -     Accuracy: 0.8824
2026-01-28 04:56:16,482 - INFO -     Accuracy: 0.8824
2026-01-28 04:56:16,483 - INFO -     ROC-AUC: 1.0000
2026-01-28 04:56:16,483 - INFO -     ROC-AUC: 1.0000
2026-01-28 04:56:16,484 - INFO -     Test participants: 17
2026-01-28 04:56:16,484 - INFO -     Test participants: 17
2026-01-28 04:56:16,484 - INFO - 
Fold 2/5
2026-01-28 04:56:16,484 - INFO - 
Fold 2/5
2026-01-28 04:56:17,294 - INFO -   Night-level metrics:
2026-01-28 04:56:17,294 - INFO -   Night-level metrics:
2026-01-28 04:56:17,296 - INFO -     Accuracy: 0.9304
2026-01-28 04:56:17,296 - INFO -     Accuracy: 0.9304
2026-01-28 04:56:17,296 - INFO -     ROC-AUC: 0.9840
2026-01-28 04:56:17,296 - INFO -     ROC-AUC: 0.9840
2026-01-28 04:56:17,297 - INFO -   Participant-level metrics:
2026-01-28 04:56:17,297 - INFO -   Participant-level metrics:
2026-01-28 04:56:17,297 - INFO -     Accuracy: 1.0000
2026-01-28 04:56:17,297 - INFO -     Accuracy: 1.0000
2026-01-28 04:56:17,298 - INFO -     ROC-AUC: 1.0000
2026-01-28 04:56:17,298 - INFO -     ROC-AUC: 1.0000
2026-01-28 04:56:17,299 - INFO -     Test participants: 16
2026-01-28 04:56:17,299 - INFO -     Test participants: 16
2026-01-28 04:56:17,299 - INFO - 
Fold 3/5
2026-01-28 04:56:17,299 - INFO - 
Fold 3/5
2026-01-28 04:56:18,093 - INFO -   Night-level metrics:
2026-01-28 04:56:18,093 - INFO -   Night-level metrics:
2026-01-28 04:56:18,094 - INFO -     Accuracy: 0.7074
2026-01-28 04:56:18,094 - INFO -     Accuracy: 0.7074
2026-01-28 04:56:18,095 - INFO -     ROC-AUC: 0.7896
2026-01-28 04:56:18,095 - INFO -     ROC-AUC: 0.7896
2026-01-28 04:56:18,095 - INFO -   Participant-level metrics:
2026-01-28 04:56:18,095 - INFO -   Participant-level metrics:
2026-01-28 04:56:18,096 - INFO -     Accuracy: 0.7647
2026-01-28 04:56:18,096 - INFO -     Accuracy: 0.7647
2026-01-28 04:56:18,096 - INFO -     ROC-AUC: 0.8056
2026-01-28 04:56:18,096 - INFO -     ROC-AUC: 0.8056
2026-01-28 04:56:18,097 - INFO -     Test participants: 17
2026-01-28 04:56:18,097 - INFO -     Test participants: 17
2026-01-28 04:56:18,098 - INFO - 
Fold 4/5
2026-01-28 04:56:18,098 - INFO - 
Fold 4/5
2026-01-28 04:56:18,872 - INFO -   Night-level metrics:
2026-01-28 04:56:18,872 - INFO -   Night-level metrics:
2026-01-28 04:56:18,873 - INFO -     Accuracy: 0.8061
2026-01-28 04:56:18,873 - INFO -     Accuracy: 0.8061
2026-01-28 04:56:18,874 - INFO -     ROC-AUC: 0.8374
2026-01-28 04:56:18,874 - INFO -     ROC-AUC: 0.8374
2026-01-28 04:56:18,874 - INFO -   Participant-level metrics:
2026-01-28 04:56:18,874 - INFO -   Participant-level metrics:
2026-01-28 04:56:18,875 - INFO -     Accuracy: 0.8235
2026-01-28 04:56:18,875 - INFO -     Accuracy: 0.8235
2026-01-28 04:56:18,876 - INFO -     ROC-AUC: 0.9000
2026-01-28 04:56:18,876 - INFO -     ROC-AUC: 0.9000
2026-01-28 04:56:18,876 - INFO -     Test participants: 17
2026-01-28 04:56:18,876 - INFO -     Test participants: 17
2026-01-28 04:56:18,877 - INFO - 
Fold 5/5
2026-01-28 04:56:18,877 - INFO - 
Fold 5/5
2026-01-28 04:56:19,654 - INFO -   Night-level metrics:
2026-01-28 04:56:19,654 - INFO -   Night-level metrics:
2026-01-28 04:56:19,655 - INFO -     Accuracy: 0.8575
2026-01-28 04:56:19,655 - INFO -     Accuracy: 0.8575
2026-01-28 04:56:19,656 - INFO -     ROC-AUC: 0.9298
2026-01-28 04:56:19,656 - INFO -     ROC-AUC: 0.9298
2026-01-28 04:56:19,657 - INFO -   Participant-level metrics:
2026-01-28 04:56:19,657 - INFO -   Participant-level metrics:
2026-01-28 04:56:19,657 - INFO -     Accuracy: 0.9412
2026-01-28 04:56:19,657 - INFO -     Accuracy: 0.9412
2026-01-28 04:56:19,658 - INFO -     ROC-AUC: 0.9861
2026-01-28 04:56:19,658 - INFO -     ROC-AUC: 0.9861
2026-01-28 04:56:19,658 - INFO -     Test participants: 17
2026-01-28 04:56:19,658 - INFO -     Test participants: 17
2026-01-28 04:56:19,659 - INFO - 
Random Forest - Average Results:
2026-01-28 04:56:19,659 - INFO - 
Random Forest - Average Results:
2026-01-28 04:56:19,660 - INFO -   Night-level:
2026-01-28 04:56:19,660 - INFO -   Night-level:
2026-01-28 04:56:19,660 - INFO -     Accuracy: 0.8369 ± 0.0762
2026-01-28 04:56:19,660 - INFO -     Accuracy: 0.8369 ± 0.0762
2026-01-28 04:56:19,661 - INFO -     ROC-AUC: 0.8994 ± 0.0738
2026-01-28 04:56:19,661 - INFO -     ROC-AUC: 0.8994 ± 0.0738
2026-01-28 04:56:19,661 - INFO -   Participant-level (CLINICAL PERFORMANCE):
2026-01-28 04:56:19,661 - INFO -   Participant-level (CLINICAL PERFORMANCE):
2026-01-28 04:56:19,662 - INFO -     Accuracy: 0.8824 ± 0.0832
2026-01-28 04:56:19,662 - INFO -     Accuracy: 0.8824 ± 0.0832
2026-01-28 04:56:19,662 - INFO -     Precision: 0.8470 ± 0.0897
2026-01-28 04:56:19,662 - INFO -     Precision: 0.8470 ± 0.0897
2026-01-28 04:56:19,663 - INFO -     Recall: 0.9356 ± 0.0879
2026-01-28 04:56:19,663 - INFO -     Recall: 0.9356 ± 0.0879
2026-01-28 04:56:19,664 - INFO -     F1: 0.8866 ± 0.0767
2026-01-28 04:56:19,664 - INFO -     F1: 0.8866 ± 0.0767
2026-01-28 04:56:19,665 - INFO -     ROC-AUC: 0.9383 ± 0.0761
2026-01-28 04:56:19,665 - INFO -     ROC-AUC: 0.9383 ± 0.0761
2026-01-28 04:56:19,665 - INFO - 
======================================================================
2026-01-28 04:56:19,665 - INFO - 
======================================================================
2026-01-28 04:56:19,666 - INFO - Training Logistic Regression
2026-01-28 04:56:19,666 - INFO - Training Logistic Regression
2026-01-28 04:56:19,666 - INFO - ======================================================================
2026-01-28 04:56:19,666 - INFO - ======================================================================
2026-01-28 04:56:19,668 - INFO - 
Fold 1/5
2026-01-28 04:56:19,668 - INFO - 
Fold 1/5
2026-01-28 04:56:22,186 - INFO -   Night-level metrics:
2026-01-28 04:56:22,186 - INFO -   Night-level metrics:
2026-01-28 04:56:22,187 - INFO -     Accuracy: 0.8528
2026-01-28 04:56:22,187 - INFO -     Accuracy: 0.8528
2026-01-28 04:56:22,187 - INFO -     ROC-AUC: 0.8911
2026-01-28 04:56:22,187 - INFO -     ROC-AUC: 0.8911
2026-01-28 04:56:22,188 - INFO -   Participant-level metrics:
2026-01-28 04:56:22,188 - INFO -   Participant-level metrics:
2026-01-28 04:56:22,189 - INFO -     Accuracy: 0.9412
2026-01-28 04:56:22,189 - INFO -     Accuracy: 0.9412
2026-01-28 04:56:22,189 - INFO -     ROC-AUC: 0.9697
2026-01-28 04:56:22,189 - INFO -     ROC-AUC: 0.9697
2026-01-28 04:56:22,190 - INFO -     Test participants: 17
2026-01-28 04:56:22,190 - INFO -     Test participants: 17
2026-01-28 04:56:22,190 - INFO - 
Fold 2/5
2026-01-28 04:56:22,190 - INFO - 
Fold 2/5
2026-01-28 04:56:24,200 - INFO -   Night-level metrics:
2026-01-28 04:56:24,200 - INFO -   Night-level metrics:
2026-01-28 04:56:24,200 - INFO -     Accuracy: 0.9046
2026-01-28 04:56:24,200 - INFO -     Accuracy: 0.9046
2026-01-28 04:56:24,201 - INFO -     ROC-AUC: 0.9660
2026-01-28 04:56:24,201 - INFO -     ROC-AUC: 0.9660
2026-01-28 04:56:24,202 - INFO -   Participant-level metrics:
2026-01-28 04:56:24,202 - INFO -   Participant-level metrics:
2026-01-28 04:56:24,202 - INFO -     Accuracy: 0.9375
2026-01-28 04:56:24,202 - INFO -     Accuracy: 0.9375
2026-01-28 04:56:24,203 - INFO -     ROC-AUC: 1.0000
2026-01-28 04:56:24,203 - INFO -     ROC-AUC: 1.0000
2026-01-28 04:56:24,203 - INFO -     Test participants: 16
2026-01-28 04:56:24,203 - INFO -     Test participants: 16
2026-01-28 04:56:24,204 - INFO - 
Fold 3/5
2026-01-28 04:56:24,204 - INFO - 
Fold 3/5
2026-01-28 04:56:26,201 - INFO -   Night-level metrics:
2026-01-28 04:56:26,201 - INFO -   Night-level metrics:
2026-01-28 04:56:26,202 - INFO -     Accuracy: 0.6896
2026-01-28 04:56:26,202 - INFO -     Accuracy: 0.6896
2026-01-28 04:56:26,202 - INFO -     ROC-AUC: 0.7014
2026-01-28 04:56:26,202 - INFO -     ROC-AUC: 0.7014
2026-01-28 04:56:26,203 - INFO -   Participant-level metrics:
2026-01-28 04:56:26,203 - INFO -   Participant-level metrics:
2026-01-28 04:56:26,204 - INFO -     Accuracy: 0.7059
2026-01-28 04:56:26,204 - INFO -     Accuracy: 0.7059
2026-01-28 04:56:26,204 - INFO -     ROC-AUC: 0.7639
2026-01-28 04:56:26,204 - INFO -     ROC-AUC: 0.7639
2026-01-28 04:56:26,205 - INFO -     Test participants: 17
2026-01-28 04:56:26,205 - INFO -     Test participants: 17
2026-01-28 04:56:26,206 - INFO - 
Fold 4/5
2026-01-28 04:56:26,206 - INFO - 
Fold 4/5
2026-01-28 04:56:28,197 - INFO -   Night-level metrics:
2026-01-28 04:56:28,197 - INFO -   Night-level metrics:
2026-01-28 04:56:28,198 - INFO -     Accuracy: 0.8010
2026-01-28 04:56:28,198 - INFO -     Accuracy: 0.8010
2026-01-28 04:56:28,199 - INFO -     ROC-AUC: 0.7671
2026-01-28 04:56:28,199 - INFO -     ROC-AUC: 0.7671
2026-01-28 04:56:28,200 - INFO -   Participant-level metrics:
2026-01-28 04:56:28,200 - INFO -   Participant-level metrics:
2026-01-28 04:56:28,200 - INFO -     Accuracy: 0.8235
2026-01-28 04:56:28,200 - INFO -     Accuracy: 0.8235
2026-01-28 04:56:28,201 - INFO -     ROC-AUC: 0.8429
2026-01-28 04:56:28,201 - INFO -     ROC-AUC: 0.8429
2026-01-28 04:56:28,201 - INFO -     Test participants: 17
2026-01-28 04:56:28,201 - INFO -     Test participants: 17
2026-01-28 04:56:28,202 - INFO - 
Fold 5/5
2026-01-28 04:56:28,202 - INFO - 
Fold 5/5
2026-01-28 04:56:30,210 - INFO -   Night-level metrics:
2026-01-28 04:56:30,210 - INFO -   Night-level metrics:
2026-01-28 04:56:30,211 - INFO -     Accuracy: 0.8219
2026-01-28 04:56:30,211 - INFO -     Accuracy: 0.8219
2026-01-28 04:56:30,211 - INFO -     ROC-AUC: 0.9109
2026-01-28 04:56:30,211 - INFO -     ROC-AUC: 0.9109
2026-01-28 04:56:30,212 - INFO -   Participant-level metrics:
2026-01-28 04:56:30,212 - INFO -   Participant-level metrics:
2026-01-28 04:56:30,212 - INFO -     Accuracy: 0.8824
2026-01-28 04:56:30,212 - INFO -     Accuracy: 0.8824
2026-01-28 04:56:30,213 - INFO -     ROC-AUC: 0.9722
2026-01-28 04:56:30,213 - INFO -     ROC-AUC: 0.9722
2026-01-28 04:56:30,213 - INFO -     Test participants: 17
2026-01-28 04:56:30,213 - INFO -     Test participants: 17
2026-01-28 04:56:30,214 - INFO - 
Logistic Regression - Average Results:
2026-01-28 04:56:30,214 - INFO - 
Logistic Regression - Average Results:
2026-01-28 04:56:30,215 - INFO -   Night-level:
2026-01-28 04:56:30,215 - INFO -   Night-level:
2026-01-28 04:56:30,216 - INFO -     Accuracy: 0.8140 ± 0.0713
2026-01-28 04:56:30,216 - INFO -     Accuracy: 0.8140 ± 0.0713
2026-01-28 04:56:30,216 - INFO -     ROC-AUC: 0.8473 ± 0.0977
2026-01-28 04:56:30,216 - INFO -     ROC-AUC: 0.8473 ± 0.0977
2026-01-28 04:56:30,217 - INFO -   Participant-level (CLINICAL PERFORMANCE):
2026-01-28 04:56:30,217 - INFO -   Participant-level (CLINICAL PERFORMANCE):
2026-01-28 04:56:30,218 - INFO -     Accuracy: 0.8581 ± 0.0874
2026-01-28 04:56:30,218 - INFO -     Accuracy: 0.8581 ± 0.0874
2026-01-28 04:56:30,219 - INFO -     Precision: 0.8301 ± 0.0703
2026-01-28 04:56:30,219 - INFO -     Precision: 0.8301 ± 0.0703
2026-01-28 04:56:30,219 - INFO -     Recall: 0.9106 ± 0.0837
2026-01-28 04:56:30,219 - INFO -     Recall: 0.9106 ± 0.0837
2026-01-28 04:56:30,220 - INFO -     F1: 0.8679 ± 0.0731
2026-01-28 04:56:30,220 - INFO -     F1: 0.8679 ± 0.0731
2026-01-28 04:56:30,221 - INFO -     ROC-AUC: 0.9097 ± 0.0910
2026-01-28 04:56:30,221 - INFO -     ROC-AUC: 0.9097 ± 0.0910
2026-01-28 04:56:30,221 - INFO - 
======================================================================
2026-01-28 04:56:30,221 - INFO - 
======================================================================
2026-01-28 04:56:30,222 - INFO - Training SVM
2026-01-28 04:56:30,222 - INFO - Training SVM
2026-01-28 04:56:30,222 - INFO - ======================================================================
2026-01-28 04:56:30,222 - INFO - ======================================================================
2026-01-28 04:56:30,223 - INFO - 
Fold 1/5
2026-01-28 04:56:30,223 - INFO - 
Fold 1/5
2026-01-28 04:56:32,549 - INFO -   Night-level metrics:
2026-01-28 04:56:32,549 - INFO -   Night-level metrics:
2026-01-28 04:56:32,550 - INFO -     Accuracy: 0.8553
2026-01-28 04:56:32,550 - INFO -     Accuracy: 0.8553
2026-01-28 04:56:32,551 - INFO -     ROC-AUC: 0.9239
2026-01-28 04:56:32,551 - INFO -     ROC-AUC: 0.9239
2026-01-28 04:56:32,552 - INFO -   Participant-level metrics:
2026-01-28 04:56:32,552 - INFO -   Participant-level metrics:
2026-01-28 04:56:32,552 - INFO -     Accuracy: 0.9412
2026-01-28 04:56:32,552 - INFO -     Accuracy: 0.9412
2026-01-28 04:56:32,553 - INFO -     ROC-AUC: 0.9697
2026-01-28 04:56:32,553 - INFO -     ROC-AUC: 0.9697
2026-01-28 04:56:32,554 - INFO -     Test participants: 17
2026-01-28 04:56:32,554 - INFO -     Test participants: 17
2026-01-28 04:56:32,554 - INFO - 
Fold 2/5
2026-01-28 04:56:32,554 - INFO - 
Fold 2/5
2026-01-28 04:56:35,018 - INFO -   Night-level metrics:
2026-01-28 04:56:35,018 - INFO -   Night-level metrics:
2026-01-28 04:56:35,019 - INFO -     Accuracy: 0.9201
2026-01-28 04:56:35,019 - INFO -     Accuracy: 0.9201
2026-01-28 04:56:35,020 - INFO -     ROC-AUC: 0.9804
2026-01-28 04:56:35,020 - INFO -     ROC-AUC: 0.9804
2026-01-28 04:56:35,021 - INFO -   Participant-level metrics:
2026-01-28 04:56:35,021 - INFO -   Participant-level metrics:
2026-01-28 04:56:35,022 - INFO -     Accuracy: 1.0000
2026-01-28 04:56:35,022 - INFO -     Accuracy: 1.0000
2026-01-28 04:56:35,022 - INFO -     ROC-AUC: 1.0000
2026-01-28 04:56:35,022 - INFO -     ROC-AUC: 1.0000
2026-01-28 04:56:35,023 - INFO -     Test participants: 16
2026-01-28 04:56:35,023 - INFO -     Test participants: 16
2026-01-28 04:56:35,023 - INFO - 
Fold 3/5
2026-01-28 04:56:35,023 - INFO - 
Fold 3/5
2026-01-28 04:56:37,048 - INFO -   Night-level metrics:
2026-01-28 04:56:37,048 - INFO -   Night-level metrics:
2026-01-28 04:56:37,049 - INFO -     Accuracy: 0.7328
2026-01-28 04:56:37,049 - INFO -     Accuracy: 0.7328
2026-01-28 04:56:37,049 - INFO -     ROC-AUC: 0.7878
2026-01-28 04:56:37,049 - INFO -     ROC-AUC: 0.7878
2026-01-28 04:56:37,050 - INFO -   Participant-level metrics:
2026-01-28 04:56:37,050 - INFO -   Participant-level metrics:
2026-01-28 04:56:37,050 - INFO -     Accuracy: 0.7059
2026-01-28 04:56:37,050 - INFO -     Accuracy: 0.7059
2026-01-28 04:56:37,051 - INFO -     ROC-AUC: 0.8611
2026-01-28 04:56:37,051 - INFO -     ROC-AUC: 0.8611
2026-01-28 04:56:37,051 - INFO -     Test participants: 17
2026-01-28 04:56:37,051 - INFO -     Test participants: 17
2026-01-28 04:56:37,052 - INFO - 
Fold 4/5
2026-01-28 04:56:37,052 - INFO - 
Fold 4/5
2026-01-28 04:56:39,341 - INFO -   Night-level metrics:
2026-01-28 04:56:39,341 - INFO -   Night-level metrics:
2026-01-28 04:56:39,342 - INFO -     Accuracy: 0.7908
2026-01-28 04:56:39,342 - INFO -     Accuracy: 0.7908
2026-01-28 04:56:39,343 - INFO -     ROC-AUC: 0.8873
2026-01-28 04:56:39,343 - INFO -     ROC-AUC: 0.8873
2026-01-28 04:56:39,344 - INFO -   Participant-level metrics:
2026-01-28 04:56:39,344 - INFO -   Participant-level metrics:
2026-01-28 04:56:39,344 - INFO -     Accuracy: 0.8235
2026-01-28 04:56:39,344 - INFO -     Accuracy: 0.8235
2026-01-28 04:56:39,345 - INFO -     ROC-AUC: 0.9571
2026-01-28 04:56:39,345 - INFO -     ROC-AUC: 0.9571
2026-01-28 04:56:39,346 - INFO -     Test participants: 17
2026-01-28 04:56:39,346 - INFO -     Test participants: 17
2026-01-28 04:56:39,347 - INFO - 
Fold 5/5
2026-01-28 04:56:39,347 - INFO - 
Fold 5/5
2026-01-28 04:56:41,630 - INFO -   Night-level metrics:
2026-01-28 04:56:41,630 - INFO -   Night-level metrics:
2026-01-28 04:56:41,631 - INFO -     Accuracy: 0.8422
2026-01-28 04:56:41,631 - INFO -     Accuracy: 0.8422
2026-01-28 04:56:41,632 - INFO -     ROC-AUC: 0.9287
2026-01-28 04:56:41,632 - INFO -     ROC-AUC: 0.9287
2026-01-28 04:56:41,633 - INFO -   Participant-level metrics:
2026-01-28 04:56:41,633 - INFO -   Participant-level metrics:
2026-01-28 04:56:41,633 - INFO -     Accuracy: 0.9412
2026-01-28 04:56:41,633 - INFO -     Accuracy: 0.9412
2026-01-28 04:56:41,634 - INFO -     ROC-AUC: 1.0000
2026-01-28 04:56:41,634 - INFO -     ROC-AUC: 1.0000
2026-01-28 04:56:41,635 - INFO -     Test participants: 17
2026-01-28 04:56:41,635 - INFO -     Test participants: 17
2026-01-28 04:56:41,636 - INFO - 
SVM - Average Results:
2026-01-28 04:56:41,636 - INFO - 
SVM - Average Results:
2026-01-28 04:56:41,637 - INFO -   Night-level:
2026-01-28 04:56:41,637 - INFO -   Night-level:
2026-01-28 04:56:41,637 - INFO -     Accuracy: 0.8283 ± 0.0630
2026-01-28 04:56:41,637 - INFO -     Accuracy: 0.8283 ± 0.0630
2026-01-28 04:56:41,638 - INFO -     ROC-AUC: 0.9016 ± 0.0642
2026-01-28 04:56:41,638 - INFO -     ROC-AUC: 0.9016 ± 0.0642
2026-01-28 04:56:41,639 - INFO -   Participant-level (CLINICAL PERFORMANCE):
2026-01-28 04:56:41,639 - INFO -   Participant-level (CLINICAL PERFORMANCE):
2026-01-28 04:56:41,640 - INFO -     Accuracy: 0.8824 ± 0.1052
2026-01-28 04:56:41,640 - INFO -     Accuracy: 0.8824 ± 0.1052
2026-01-28 04:56:41,641 - INFO -     Precision: 0.8528 ± 0.0975
2026-01-28 04:56:41,641 - INFO -     Precision: 0.8528 ± 0.0975
2026-01-28 04:56:41,641 - INFO -     Recall: 0.9356 ± 0.0879
2026-01-28 04:56:41,641 - INFO -     Recall: 0.9356 ± 0.0879
2026-01-28 04:56:41,642 - INFO -     F1: 0.8916 ± 0.0898
2026-01-28 04:56:41,642 - INFO -     F1: 0.8916 ± 0.0898
2026-01-28 04:56:41,643 - INFO -     ROC-AUC: 0.9576 ± 0.0511
2026-01-28 04:56:41,643 - INFO -     ROC-AUC: 0.9576 ± 0.0511
2026-01-28 04:56:41,644 - INFO - 
======================================================================
2026-01-28 04:56:41,644 - INFO - 
======================================================================
2026-01-28 04:56:41,644 - INFO - Training XGBoost
2026-01-28 04:56:41,644 - INFO - Training XGBoost
2026-01-28 04:56:41,645 - INFO - ======================================================================
2026-01-28 04:56:41,645 - INFO - ======================================================================
2026-01-28 04:56:41,647 - INFO - 
Fold 1/5
2026-01-28 04:56:41,647 - INFO - 
Fold 1/5
2026-01-28 04:56:56,139 - INFO -   Night-level metrics:
2026-01-28 04:56:56,139 - INFO -   Night-level metrics:
2026-01-28 04:56:56,140 - INFO -     Accuracy: 0.8807
2026-01-28 04:56:56,140 - INFO -     Accuracy: 0.8807
2026-01-28 04:56:56,140 - INFO -     ROC-AUC: 0.9465
2026-01-28 04:56:56,140 - INFO -     ROC-AUC: 0.9465
2026-01-28 04:56:56,141 - INFO -   Participant-level metrics:
2026-01-28 04:56:56,141 - INFO -   Participant-level metrics:
2026-01-28 04:56:56,141 - INFO -     Accuracy: 0.9412
2026-01-28 04:56:56,141 - INFO -     Accuracy: 0.9412
2026-01-28 04:56:56,142 - INFO -     ROC-AUC: 1.0000
2026-01-28 04:56:56,142 - INFO -     ROC-AUC: 1.0000
2026-01-28 04:56:56,142 - INFO -     Test participants: 17
2026-01-28 04:56:56,142 - INFO -     Test participants: 17
2026-01-28 04:56:56,143 - INFO - 
Fold 2/5
2026-01-28 04:56:56,143 - INFO - 
Fold 2/5
2026-01-28 04:57:10,646 - INFO -   Night-level metrics:
2026-01-28 04:57:10,646 - INFO -   Night-level metrics:
2026-01-28 04:57:10,647 - INFO -     Accuracy: 0.9227
2026-01-28 04:57:10,647 - INFO -     Accuracy: 0.9227
2026-01-28 04:57:10,648 - INFO -     ROC-AUC: 0.9813
2026-01-28 04:57:10,648 - INFO -     ROC-AUC: 0.9813
2026-01-28 04:57:10,648 - INFO -   Participant-level metrics:
2026-01-28 04:57:10,648 - INFO -   Participant-level metrics:
2026-01-28 04:57:10,648 - INFO -     Accuracy: 1.0000
2026-01-28 04:57:10,648 - INFO -     Accuracy: 1.0000
2026-01-28 04:57:10,649 - INFO -     ROC-AUC: 1.0000
2026-01-28 04:57:10,649 - INFO -     ROC-AUC: 1.0000
2026-01-28 04:57:10,650 - INFO -     Test participants: 16
2026-01-28 04:57:10,650 - INFO -     Test participants: 16
2026-01-28 04:57:10,651 - INFO - 
Fold 3/5
2026-01-28 04:57:10,651 - INFO - 
Fold 3/5
2026-01-28 04:57:23,374 - INFO -   Night-level metrics:
2026-01-28 04:57:23,374 - INFO -   Night-level metrics:
2026-01-28 04:57:23,375 - INFO -     Accuracy: 0.7176
2026-01-28 04:57:23,375 - INFO -     Accuracy: 0.7176
2026-01-28 04:57:23,375 - INFO -     ROC-AUC: 0.7976
2026-01-28 04:57:23,375 - INFO -     ROC-AUC: 0.7976
2026-01-28 04:57:23,376 - INFO -   Participant-level metrics:
2026-01-28 04:57:23,376 - INFO -   Participant-level metrics:
2026-01-28 04:57:23,377 - INFO -     Accuracy: 0.7647
2026-01-28 04:57:23,377 - INFO -     Accuracy: 0.7647
2026-01-28 04:57:23,377 - INFO -     ROC-AUC: 0.8333
2026-01-28 04:57:23,377 - INFO -     ROC-AUC: 0.8333
2026-01-28 04:57:23,378 - INFO -     Test participants: 17
2026-01-28 04:57:23,378 - INFO -     Test participants: 17
2026-01-28 04:57:23,379 - INFO - 
Fold 4/5
2026-01-28 04:57:23,379 - INFO - 
Fold 4/5
2026-01-28 04:57:37,322 - INFO -   Night-level metrics:
2026-01-28 04:57:37,322 - INFO -   Night-level metrics:
2026-01-28 04:57:37,323 - INFO -     Accuracy: 0.8061
2026-01-28 04:57:37,323 - INFO -     Accuracy: 0.8061
2026-01-28 04:57:37,323 - INFO -     ROC-AUC: 0.8200
2026-01-28 04:57:37,323 - INFO -     ROC-AUC: 0.8200
2026-01-28 04:57:37,324 - INFO -   Participant-level metrics:
2026-01-28 04:57:37,324 - INFO -   Participant-level metrics:
2026-01-28 04:57:37,325 - INFO -     Accuracy: 0.8235
2026-01-28 04:57:37,325 - INFO -     Accuracy: 0.8235
2026-01-28 04:57:37,325 - INFO -     ROC-AUC: 0.8857
2026-01-28 04:57:37,325 - INFO -     ROC-AUC: 0.8857
2026-01-28 04:57:37,326 - INFO -     Test participants: 17
2026-01-28 04:57:37,326 - INFO -     Test participants: 17
2026-01-28 04:57:37,327 - INFO - 
Fold 5/5
2026-01-28 04:57:37,327 - INFO - 
Fold 5/5
2026-01-28 04:57:51,058 - INFO -   Night-level metrics:
2026-01-28 04:57:51,058 - INFO -   Night-level metrics:
2026-01-28 04:57:51,059 - INFO -     Accuracy: 0.8372
2026-01-28 04:57:51,059 - INFO -     Accuracy: 0.8372
2026-01-28 04:57:51,059 - INFO -     ROC-AUC: 0.9277
2026-01-28 04:57:51,059 - INFO -     ROC-AUC: 0.9277
2026-01-28 04:57:51,060 - INFO -   Participant-level metrics:
2026-01-28 04:57:51,060 - INFO -   Participant-level metrics:
2026-01-28 04:57:51,060 - INFO -     Accuracy: 0.8824
2026-01-28 04:57:51,060 - INFO -     Accuracy: 0.8824
2026-01-28 04:57:51,061 - INFO -     ROC-AUC: 0.9722
2026-01-28 04:57:51,061 - INFO -     ROC-AUC: 0.9722
2026-01-28 04:57:51,062 - INFO -     Test participants: 17
2026-01-28 04:57:51,062 - INFO -     Test participants: 17
2026-01-28 04:57:51,062 - INFO - 
XGBoost - Average Results:
2026-01-28 04:57:51,062 - INFO - 
XGBoost - Average Results:
2026-01-28 04:57:51,063 - INFO -   Night-level:
2026-01-28 04:57:51,063 - INFO -   Night-level:
2026-01-28 04:57:51,064 - INFO -     Accuracy: 0.8328 ± 0.0698
2026-01-28 04:57:51,064 - INFO -     Accuracy: 0.8328 ± 0.0698
2026-01-28 04:57:51,064 - INFO -     ROC-AUC: 0.8947 ± 0.0725
2026-01-28 04:57:51,064 - INFO -     ROC-AUC: 0.8947 ± 0.0725
2026-01-28 04:57:51,065 - INFO -   Participant-level (CLINICAL PERFORMANCE):
2026-01-28 04:57:51,065 - INFO -   Participant-level (CLINICAL PERFORMANCE):
2026-01-28 04:57:51,066 - INFO -     Accuracy: 0.8824 ± 0.0832
2026-01-28 04:57:51,066 - INFO -     Accuracy: 0.8824 ± 0.0832
2026-01-28 04:57:51,066 - INFO -     Precision: 0.8656 ± 0.0751
2026-01-28 04:57:51,066 - INFO -     Precision: 0.8656 ± 0.0751
2026-01-28 04:57:51,067 - INFO -     Recall: 0.9106 ± 0.0837
2026-01-28 04:57:51,067 - INFO -     Recall: 0.9106 ± 0.0837
2026-01-28 04:57:51,067 - INFO -     F1: 0.8866 ± 0.0735
2026-01-28 04:57:51,067 - INFO -     F1: 0.8866 ± 0.0735
2026-01-28 04:57:51,068 - INFO -     ROC-AUC: 0.9383 ± 0.0672
2026-01-28 04:57:51,068 - INFO -     ROC-AUC: 0.9383 ± 0.0672
2026-01-28 04:57:51,091 - INFO - 
Results saved to: /work3/s184484/iRBD-detection/results/ml_baselines_v1/results_20260128_045751.json
2026-01-28 04:57:51,091 - INFO - 
Results saved to: /work3/s184484/iRBD-detection/results/ml_baselines_v1/results_20260128_045751.json
2026-01-28 04:57:51,104 - INFO - Summary saved to: /work3/s184484/iRBD-detection/results/ml_baselines_v1/summary_20260128_045751.csv
2026-01-28 04:57:51,104 - INFO - Summary saved to: /work3/s184484/iRBD-detection/results/ml_baselines_v1/summary_20260128_045751.csv
2026-01-28 04:57:51,105 - INFO - 
Summary Table:
2026-01-28 04:57:51,105 - INFO - 
Summary Table:
2026-01-28 04:57:51,110 - INFO - 
         Classifier  Night_Accuracy  Night_ROC_AUC  Participant_Accuracy  Participant_Precision  Participant_Recall  Participant_F1  Participant_ROC_AUC
      Random Forest        0.836934       0.899426              0.882353               0.846970            0.935556        0.886648             0.938333
Logistic Regression        0.813980       0.847304              0.858088               0.830065            0.910556        0.867886             0.909733
                SVM        0.828263       0.901616              0.882353               0.852843            0.935556        0.891648             0.957590
            XGBoost        0.832844       0.894654              0.882353               0.865620            0.910556        0.886600             0.938254
2026-01-28 04:57:51,110 - INFO - 
         Classifier  Night_Accuracy  Night_ROC_AUC  Participant_Accuracy  Participant_Precision  Participant_Recall  Participant_F1  Participant_ROC_AUC
      Random Forest        0.836934       0.899426              0.882353               0.846970            0.935556        0.886648             0.938333
Logistic Regression        0.813980       0.847304              0.858088               0.830065            0.910556        0.867886             0.909733
                SVM        0.828263       0.901616              0.882353               0.852843            0.935556        0.891648             0.957590
            XGBoost        0.832844       0.894654              0.882353               0.865620            0.910556        0.886600             0.938254
2026-01-28 04:57:51,116 - INFO - 
Random Forest feature importance saved to: /work3/s184484/iRBD-detection/results/ml_baselines_v1/feature_importance_rf.json
2026-01-28 04:57:51,116 - INFO - 
Random Forest feature importance saved to: /work3/s184484/iRBD-detection/results/ml_baselines_v1/feature_importance_rf.json
2026-01-28 04:57:51,117 - INFO - 
Top 10 Most Important Features (Random Forest):
2026-01-28 04:57:51,117 - INFO - 
Top 10 Most Important Features (Random Forest):
2026-01-28 04:57:51,118 - INFO -   1. SSL_Feature_1: 0.029377 +/- 0.002706
2026-01-28 04:57:51,118 - INFO -   1. SSL_Feature_1: 0.029377 +/- 0.002706
2026-01-28 04:57:51,118 - INFO -   2. SSL_Feature_691: 0.024405 +/- 0.003394
2026-01-28 04:57:51,118 - INFO -   2. SSL_Feature_691: 0.024405 +/- 0.003394
2026-01-28 04:57:51,119 - INFO -   3. SSL_Feature_514: 0.021441 +/- 0.007228
2026-01-28 04:57:51,119 - INFO -   3. SSL_Feature_514: 0.021441 +/- 0.007228
2026-01-28 04:57:51,119 - INFO -   4. SSL_Feature_335: 0.019472 +/- 0.000892
2026-01-28 04:57:51,119 - INFO -   4. SSL_Feature_335: 0.019472 +/- 0.000892
2026-01-28 04:57:51,120 - INFO -   5. SSL_Feature_294: 0.019217 +/- 0.002280
2026-01-28 04:57:51,120 - INFO -   5. SSL_Feature_294: 0.019217 +/- 0.002280
2026-01-28 04:57:51,120 - INFO -   6. SSL_Feature_478: 0.019171 +/- 0.001306
2026-01-28 04:57:51,120 - INFO -   6. SSL_Feature_478: 0.019171 +/- 0.001306
2026-01-28 04:57:51,121 - INFO -   7. SSL_Feature_405: 0.017635 +/- 0.001975
2026-01-28 04:57:51,121 - INFO -   7. SSL_Feature_405: 0.017635 +/- 0.001975
2026-01-28 04:57:51,122 - INFO -   8. SSL_Feature_481: 0.016350 +/- 0.002378
2026-01-28 04:57:51,122 - INFO -   8. SSL_Feature_481: 0.016350 +/- 0.002378
2026-01-28 04:57:51,122 - INFO -   9. SSL_Feature_859: 0.015639 +/- 0.003437
2026-01-28 04:57:51,122 - INFO -   9. SSL_Feature_859: 0.015639 +/- 0.003437
2026-01-28 04:57:51,123 - INFO -   10. SSL_Feature_769: 0.012850 +/- 0.001827
2026-01-28 04:57:51,123 - INFO -   10. SSL_Feature_769: 0.012850 +/- 0.001827
2026-01-28 04:57:51,128 - INFO - 
XGBoost feature importance saved to: /work3/s184484/iRBD-detection/results/ml_baselines_v1/feature_importance_xgb.json
2026-01-28 04:57:51,128 - INFO - 
XGBoost feature importance saved to: /work3/s184484/iRBD-detection/results/ml_baselines_v1/feature_importance_xgb.json
2026-01-28 04:57:51,129 - INFO - 
Top 10 Most Important Features (XGBoost):
2026-01-28 04:57:51,129 - INFO - 
Top 10 Most Important Features (XGBoost):
2026-01-28 04:57:51,130 - INFO -   1. SSL_Feature_478: 0.052424 +/- 0.050186
2026-01-28 04:57:51,130 - INFO -   1. SSL_Feature_478: 0.052424 +/- 0.050186
2026-01-28 04:57:51,130 - INFO -   2. SSL_Feature_769: 0.051911 +/- 0.028328
2026-01-28 04:57:51,130 - INFO -   2. SSL_Feature_769: 0.051911 +/- 0.028328
2026-01-28 04:57:51,131 - INFO -   3. SSL_Feature_1: 0.048280 +/- 0.072498
2026-01-28 04:57:51,131 - INFO -   3. SSL_Feature_1: 0.048280 +/- 0.072498
2026-01-28 04:57:51,131 - INFO -   4. SSL_Feature_481: 0.028003 +/- 0.026348
2026-01-28 04:57:51,131 - INFO -   4. SSL_Feature_481: 0.028003 +/- 0.026348
2026-01-28 04:57:51,132 - INFO -   5. SSL_Feature_751: 0.017506 +/- 0.003586
2026-01-28 04:57:51,132 - INFO -   5. SSL_Feature_751: 0.017506 +/- 0.003586
2026-01-28 04:57:51,132 - INFO -   6. SSL_Feature_519: 0.012053 +/- 0.013628
2026-01-28 04:57:51,132 - INFO -   6. SSL_Feature_519: 0.012053 +/- 0.013628
2026-01-28 04:57:51,132 - INFO -   7. SSL_Feature_257: 0.010013 +/- 0.007368
2026-01-28 04:57:51,132 - INFO -   7. SSL_Feature_257: 0.010013 +/- 0.007368
2026-01-28 04:57:51,133 - INFO -   8. SSL_Feature_691: 0.009789 +/- 0.007054
2026-01-28 04:57:51,133 - INFO -   8. SSL_Feature_691: 0.009789 +/- 0.007054
2026-01-28 04:57:51,134 - INFO -   9. SSL_Feature_335: 0.008634 +/- 0.003222
2026-01-28 04:57:51,134 - INFO -   9. SSL_Feature_335: 0.008634 +/- 0.003222
2026-01-28 04:57:51,134 - INFO -   10. SSL_Feature_692: 0.005599 +/- 0.003537
2026-01-28 04:57:51,134 - INFO -   10. SSL_Feature_692: 0.005599 +/- 0.003537
2026-01-28 04:57:51,136 - INFO - 
======================================================================
2026-01-28 04:57:51,136 - INFO - 
======================================================================
2026-01-28 04:57:51,137 - INFO - NIGHT-LEVEL CLASSIFICATION COMPLETED SUCCESSFULLY!
2026-01-28 04:57:51,137 - INFO - NIGHT-LEVEL CLASSIFICATION COMPLETED SUCCESSFULLY!
2026-01-28 04:57:51,137 - INFO - ======================================================================
2026-01-28 04:57:51,137 - INFO - ======================================================================
