==========================================
iRBD Detection Pipeline - ML Baselines
==========================================
Job ID: 27698577
Job Name: ml_v1
Queue: hpc
Cores: 8
Host: n-62-30-25 n-62-30-25 n-62-30-25 n-62-30-25 n-62-30-25 n-62-30-25 n-62-30-25 n-62-30-25
Started: Wed Jan 28 04:54:11 CET 2026

Preprocessing version: v1 (Fixed nights + temp filter)
==========================================
Setting up environment...
Activating conda environment: env_insights
Python version: Python 3.10.18
Conda environment: env_insights
numpy version: 2.2.6
scikit-learn version: 1.7.1
xgboost version: 3.1.2
Setting up directories...
Project directory: /work3/s184484/iRBD-detection
Features directory: data/features_v1
Working directory: /work3/s184484/iRBD-detection
All required directories verified/created
Verifying input data...
Feature files found:
  Controls: 42
  iRBD: 42
  Total: 84
Starting ML baselines pipeline...
Timestamp: Wed Jan 28 04:54:16 CET 2026
Executing: python scripts/ml_baselines.py --version v1
ML baselines completed with exit code: 0
Total training time: 215 seconds (3 minutes)
Verifying ML baselines outputs...
ML results files: 7
==========================================
JOB SUMMARY
==========================================
Version: v1 (Fixed nights + temp filter)
Input features: data/features_v1
Participants: 84 (42 controls + 42 iRBD)
Training time: 3 minutes
Exit code: 0
Output files: 7
Completed: Wed Jan 28 04:57:51 CET 2026
==========================================
